0 info it worked if it ends with ok
1 verbose cli [ 'c:\\Program Files\\nodejs\\node.exe',
1 verbose cli   'c:\\Program Files\\nodejs\\node_modules\\npm\\bin\\npm-cli.js',
1 verbose cli   'install',
1 verbose cli   'sync' ]
2 info using npm@2.9.1
3 info using node@v0.12.3
4 verbose install initial load of c:\Users\Michael\desktop\apps\alfred\package.json
5 warn package.json alfred@1.0.0 No repository field.
6 warn package.json alfred@1.0.0 No README data
7 verbose installManyTop reading scoped package data from c:\Users\Michael\desktop\apps\alfred\node_modules\colors\package.json
8 verbose installManyTop reading scoped package data from c:\Users\Michael\desktop\apps\alfred\node_modules\commander\package.json
9 verbose installManyTop reading scoped package data from c:\Users\Michael\desktop\apps\alfred\node_modules\extend\package.json
10 verbose installManyTop reading scoped package data from c:\Users\Michael\desktop\apps\alfred\node_modules\ftp\package.json
11 verbose installManyTop reading scoped package data from c:\Users\Michael\desktop\apps\alfred\node_modules\readline\package.json
12 warn package.json readline@0.0.8 readline is also the name of a node core module.
13 verbose readDependencies loading dependencies from c:\Users\Michael\desktop\apps\alfred\package.json
14 silly cache add args [ 'sync', null ]
15 verbose cache add spec sync
16 silly cache add parsed spec { raw: 'sync',
16 silly cache add   scope: null,
16 silly cache add   name: 'sync',
16 silly cache add   rawSpec: '',
16 silly cache add   spec: '*',
16 silly cache add   type: 'range' }
17 silly addNamed sync@*
18 verbose addNamed "*" is a valid semver range for sync
19 silly addNameRange { name: 'sync', range: '*', hasData: false }
20 silly mapToRegistry name sync
21 silly mapToRegistry using default registry
22 silly mapToRegistry registry https://registry.npmjs.org/
23 silly mapToRegistry uri https://registry.npmjs.org/sync
24 verbose addNameRange registry:https://registry.npmjs.org/sync not in flight; fetching
25 verbose request uri https://registry.npmjs.org/sync
26 verbose request no auth needed
27 info attempt registry request try #1 at 1:03:09 PM
28 verbose request id fbc6022d0b987013
29 verbose etag "53HNGV2MQWD7G71ZBCHZ3UF89"
30 http request GET https://registry.npmjs.org/sync
31 http 304 https://registry.npmjs.org/sync
32 silly get cb [ 304,
32 silly get   { date: 'Tue, 26 May 2015 18:02:23 GMT',
32 silly get     via: '1.1 varnish',
32 silly get     'cache-control': 'max-age=60',
32 silly get     etag: '"53HNGV2MQWD7G71ZBCHZ3UF89"',
32 silly get     age: '22',
32 silly get     connection: 'keep-alive',
32 silly get     'x-served-by': 'cache-ord1735-ORD',
32 silly get     'x-cache': 'HIT',
32 silly get     'x-cache-hits': '1',
32 silly get     'x-timer': 'S1432663343.769227,VS0,VE0',
32 silly get     vary: 'Accept' } ]
33 verbose etag https://registry.npmjs.org/sync from cache
34 verbose get saving sync to C:\Users\Michael\AppData\Roaming\npm-cache\registry.npmjs.org\sync\.cache.json
35 silly addNameRange number 2 { name: 'sync', range: '*', hasData: true }
36 silly addNameRange versions [ 'sync',
36 silly addNameRange   [ '0.0.1',
36 silly addNameRange     '0.1.0',
36 silly addNameRange     '0.1.1',
36 silly addNameRange     '0.1.3',
36 silly addNameRange     '0.1.4',
36 silly addNameRange     '0.1.5',
36 silly addNameRange     '0.1.6',
36 silly addNameRange     '0.1.7',
36 silly addNameRange     '0.1.8',
36 silly addNameRange     '0.2.0',
36 silly addNameRange     '0.2.1',
36 silly addNameRange     '0.2.2',
36 silly addNameRange     '0.2.3',
36 silly addNameRange     '0.2.4',
36 silly addNameRange     '0.2.5',
36 silly addNameRange     '0.1.9-beta',
36 silly addNameRange     '0.1.9-beta2',
36 silly addNameRange     '0.1.9-beta3' ] ]
37 silly addNamed sync@0.2.5
38 verbose addNamed "0.2.5" is a plain semver version for sync
39 silly cache afterAdd sync@0.2.5
40 verbose afterAdd C:\Users\Michael\AppData\Roaming\npm-cache\sync\0.2.5\package\package.json not in flight; writing
41 verbose afterAdd C:\Users\Michael\AppData\Roaming\npm-cache\sync\0.2.5\package\package.json written
42 silly install resolved [ { name: 'sync',
42 silly install resolved     description: 'Library that makes simple to run asynchronous functions in synchronous manner, using node-fibers.',
42 silly install resolved     version: '0.2.5',
42 silly install resolved     url: 'http://github.com/0ctave/node-sync',
42 silly install resolved     author: { name: 'Yuriy Bogdanov', email: 'chinsay@gmail.com' },
42 silly install resolved     main: 'lib/sync',
42 silly install resolved     license: 'MIT',
42 silly install resolved     repository:
42 silly install resolved      { type: 'git',
42 silly install resolved        url: 'git+https://github.com/ybogdanov/node-sync.git' },
42 silly install resolved     engines: { node: '>=0.5.2' },
42 silly install resolved     dependencies: { fibers: '>=0.6' },
42 silly install resolved     bugs: { url: 'https://github.com/ybogdanov/node-sync/issues' },
42 silly install resolved     homepage: 'https://github.com/ybogdanov/node-sync',
42 silly install resolved     _id: 'sync@0.2.5',
42 silly install resolved     dist:
42 silly install resolved      { shasum: '3910bb9b66abee56542e2e70f0ce549031252df6',
42 silly install resolved        tarball: 'http://registry.npmjs.org/sync/-/sync-0.2.5.tgz' },
42 silly install resolved     _from: 'sync@*',
42 silly install resolved     _npmVersion: '1.4.3',
42 silly install resolved     _npmUser: { name: 'octave', email: 'chinsay@gmail.com' },
42 silly install resolved     maintainers: [ [Object] ],
42 silly install resolved     directories: {},
42 silly install resolved     _shasum: '3910bb9b66abee56542e2e70f0ce549031252df6',
42 silly install resolved     _resolved: 'https://registry.npmjs.org/sync/-/sync-0.2.5.tgz',
42 silly install resolved     readme: 'ERROR: No README data found!' } ]
43 info install sync@0.2.5 into c:\Users\Michael\desktop\apps\alfred
44 info installOne sync@0.2.5
45 verbose installOne of sync to c:\Users\Michael\desktop\apps\alfred not in flight; installing
46 verbose lock using C:\Users\Michael\AppData\Roaming\npm-cache\_locks\sync-af00d746681460ec.lock for c:\Users\Michael\desktop\apps\alfred\node_modules\sync
47 silly install write writing sync 0.2.5 to c:\Users\Michael\desktop\apps\alfred\node_modules\sync
48 verbose unbuild node_modules\sync
49 silly gentlyRm c:\Users\Michael\desktop\apps\alfred\node_modules\sync is being purged from base c:\Users\Michael\desktop\apps\alfred
50 verbose gentlyRm don't care about contents; nuking c:\Users\Michael\desktop\apps\alfred\node_modules\sync
51 verbose tar unpack C:\Users\Michael\AppData\Roaming\npm-cache\sync\0.2.5\package.tgz
52 verbose tar unpacking to c:\Users\Michael\desktop\apps\alfred\node_modules\sync
53 silly gentlyRm c:\Users\Michael\desktop\apps\alfred\node_modules\sync is being purged
54 verbose gentlyRm don't care about contents; nuking c:\Users\Michael\desktop\apps\alfred\node_modules\sync
55 silly gunzTarPerm modes [ '777', '666' ]
56 silly gunzTarPerm extractEntry package.json
57 silly gunzTarPerm modified mode [ 'package.json', 420, 438 ]
58 silly gunzTarPerm extractEntry .npmignore
59 silly gunzTarPerm modified mode [ '.npmignore', 420, 438 ]
60 silly gunzTarPerm extractEntry README.md
61 silly gunzTarPerm modified mode [ 'README.md', 420, 438 ]
62 silly gunzTarPerm extractEntry LICENSE
63 silly gunzTarPerm modified mode [ 'LICENSE', 420, 438 ]
64 silly gunzTarPerm extractEntry benchmarks/index.js
65 silly gunzTarPerm modified mode [ 'benchmarks/index.js', 420, 438 ]
66 silly gunzTarPerm extractEntry examples/async.js
67 silly gunzTarPerm modified mode [ 'examples/async.js', 420, 438 ]
68 silly gunzTarPerm extractEntry examples/exceptions.js
69 silly gunzTarPerm modified mode [ 'examples/exceptions.js', 420, 438 ]
70 silly gunzTarPerm extractEntry examples/express.js
71 silly gunzTarPerm modified mode [ 'examples/express.js', 420, 438 ]
72 silly gunzTarPerm extractEntry examples/fiber.js
73 silly gunzTarPerm modified mode [ 'examples/fiber.js', 420, 438 ]
74 silly gunzTarPerm extractEntry examples/future.js
75 silly gunzTarPerm modified mode [ 'examples/future.js', 420, 438 ]
76 silly gunzTarPerm extractEntry examples/blocking.js
77 silly gunzTarPerm modified mode [ 'examples/blocking.js', 420, 438 ]
78 silly gunzTarPerm extractEntry examples/repl.js
79 silly gunzTarPerm modified mode [ 'examples/repl.js', 420, 438 ]
80 silly gunzTarPerm extractEntry examples/scope.js
81 silly gunzTarPerm modified mode [ 'examples/scope.js', 420, 438 ]
82 silly gunzTarPerm extractEntry examples/simple.js
83 silly gunzTarPerm modified mode [ 'examples/simple.js', 420, 438 ]
84 silly gunzTarPerm extractEntry examples/simple2.js
85 silly gunzTarPerm modified mode [ 'examples/simple2.js', 420, 438 ]
86 silly gunzTarPerm extractEntry examples/vars.js
87 silly gunzTarPerm modified mode [ 'examples/vars.js', 420, 438 ]
88 silly gunzTarPerm extractEntry examples/object.js
89 silly gunzTarPerm modified mode [ 'examples/object.js', 420, 438 ]
90 silly gunzTarPerm extractEntry lib/sync.js
91 silly gunzTarPerm modified mode [ 'lib/sync.js', 420, 438 ]
92 silly gunzTarPerm extractEntry test/async.js
93 silly gunzTarPerm modified mode [ 'test/async.js', 420, 438 ]
94 silly gunzTarPerm extractEntry test/fiber.js
95 silly gunzTarPerm modified mode [ 'test/fiber.js', 420, 438 ]
96 silly gunzTarPerm extractEntry test/future.js
97 silly gunzTarPerm modified mode [ 'test/future.js', 420, 438 ]
98 silly gunzTarPerm extractEntry test/index.js
99 silly gunzTarPerm modified mode [ 'test/index.js', 420, 438 ]
100 silly gunzTarPerm extractEntry test/sleep.js
101 silly gunzTarPerm modified mode [ 'test/sleep.js', 420, 438 ]
102 silly gunzTarPerm extractEntry test/sync.js
103 silly gunzTarPerm modified mode [ 'test/sync.js', 420, 438 ]
104 verbose write writing to c:\Users\Michael\desktop\apps\alfred\node_modules\sync\package.json
105 info preinstall sync@0.2.5
106 verbose readDependencies loading dependencies from c:\Users\Michael\desktop\apps\alfred\node_modules\sync\package.json
107 silly prepareForInstallMany adding fibers@>=0.6 from sync dependencies
108 verbose readDependencies loading dependencies from c:\Users\Michael\desktop\apps\alfred\node_modules\sync\package.json
109 silly cache add args [ 'fibers@>=0.6', null ]
110 verbose cache add spec fibers@>=0.6
111 silly cache add parsed spec { raw: 'fibers@>=0.6',
111 silly cache add   scope: null,
111 silly cache add   name: 'fibers',
111 silly cache add   rawSpec: '>=0.6',
111 silly cache add   spec: '>=0.6.0',
111 silly cache add   type: 'range' }
112 silly addNamed fibers@>=0.6.0
113 verbose addNamed ">=0.6.0" is a valid semver range for fibers
114 silly addNameRange { name: 'fibers', range: '>=0.6.0', hasData: false }
115 silly mapToRegistry name fibers
116 silly mapToRegistry using default registry
117 silly mapToRegistry registry https://registry.npmjs.org/
118 silly mapToRegistry uri https://registry.npmjs.org/fibers
119 verbose addNameRange registry:https://registry.npmjs.org/fibers not in flight; fetching
120 verbose request uri https://registry.npmjs.org/fibers
121 verbose request no auth needed
122 info attempt registry request try #1 at 1:03:10 PM
123 verbose etag "13R1F7WLDHAHUQC82VVDAJQYW"
124 http request GET https://registry.npmjs.org/fibers
125 http 304 https://registry.npmjs.org/fibers
126 silly get cb [ 304,
126 silly get   { date: 'Tue, 26 May 2015 18:02:24 GMT',
126 silly get     via: '1.1 varnish',
126 silly get     'cache-control': 'max-age=60',
126 silly get     etag: '"13R1F7WLDHAHUQC82VVDAJQYW"',
126 silly get     age: '22',
126 silly get     connection: 'keep-alive',
126 silly get     'x-served-by': 'cache-ord1732-ORD',
126 silly get     'x-cache': 'HIT',
126 silly get     'x-cache-hits': '1',
126 silly get     'x-timer': 'S1432663344.646298,VS0,VE0',
126 silly get     vary: 'Accept' } ]
127 verbose etag https://registry.npmjs.org/fibers from cache
128 verbose get saving fibers to C:\Users\Michael\AppData\Roaming\npm-cache\registry.npmjs.org\fibers\.cache.json
129 silly addNameRange number 2 { name: 'fibers', range: '>=0.6.0', hasData: true }
130 silly addNameRange versions [ 'fibers',
130 silly addNameRange   [ '0.1.0',
130 silly addNameRange     '0.1.1',
130 silly addNameRange     '0.1.2',
130 silly addNameRange     '0.1.3',
130 silly addNameRange     '0.1.4',
130 silly addNameRange     '0.1.6',
130 silly addNameRange     '0.1.7',
130 silly addNameRange     '0.1.8',
130 silly addNameRange     '0.2.0',
130 silly addNameRange     '0.2.1',
130 silly addNameRange     '0.2.2',
130 silly addNameRange     '0.2.3',
130 silly addNameRange     '0.2.4',
130 silly addNameRange     '0.2.5',
130 silly addNameRange     '0.2.6',
130 silly addNameRange     '0.5.0',
130 silly addNameRange     '0.6.0',
130 silly addNameRange     '0.5.1',
130 silly addNameRange     '0.6.1',
130 silly addNameRange     '0.6.2',
130 silly addNameRange     '0.6.3',
130 silly addNameRange     '0.6.4',
130 silly addNameRange     '0.6.5',
130 silly addNameRange     '0.6.6',
130 silly addNameRange     '0.6.7',
130 silly addNameRange     '0.6.8',
130 silly addNameRange     '0.6.9',
130 silly addNameRange     '1.0.0',
130 silly addNameRange     '1.0.1',
130 silly addNameRange     '1.0.2',
130 silly addNameRange     '1.0.4',
130 silly addNameRange     '1.0.5' ] ]
131 silly addNamed fibers@1.0.5
132 verbose addNamed "1.0.5" is a plain semver version for fibers
133 silly cache afterAdd fibers@1.0.5
134 verbose afterAdd C:\Users\Michael\AppData\Roaming\npm-cache\fibers\1.0.5\package\package.json not in flight; writing
135 verbose afterAdd C:\Users\Michael\AppData\Roaming\npm-cache\fibers\1.0.5\package\package.json written
136 silly install resolved [ { name: 'fibers',
136 silly install resolved     version: '1.0.5',
136 silly install resolved     description: 'Cooperative multi-tasking for Javascript',
136 silly install resolved     keywords:
136 silly install resolved      [ 'fiber',
136 silly install resolved        'fibers',
136 silly install resolved        'coroutine',
136 silly install resolved        'thread',
136 silly install resolved        'async',
136 silly install resolved        'parallel',
136 silly install resolved        'worker',
136 silly install resolved        'future',
136 silly install resolved        'promise' ],
136 silly install resolved     homepage: 'https://github.com/laverdet/node-fibers',
136 silly install resolved     author:
136 silly install resolved      { name: 'Marcel Laverdet',
136 silly install resolved        email: 'marcel@laverdet.com',
136 silly install resolved        url: 'https://github.com/laverdet/' },
136 silly install resolved     main: 'fibers',
136 silly install resolved     scripts: { install: 'node ./build.js', test: 'node ./test.js' },
136 silly install resolved     repository:
136 silly install resolved      { type: 'git',
136 silly install resolved        url: 'git://github.com/laverdet/node-fibers.git' },
136 silly install resolved     engines: { node: '>=0.5.2' },
136 silly install resolved     gitHead: 'aff726a79af0c9d400ec0fa37be53f23643a4623',
136 silly install resolved     bugs: { url: 'https://github.com/laverdet/node-fibers/issues' },
136 silly install resolved     _id: 'fibers@1.0.5',
136 silly install resolved     _shasum: '3bea1f697d8540bb3904961ad50939bdee1df678',
136 silly install resolved     _from: 'fibers@>=0.6.0',
136 silly install resolved     _npmVersion: '1.4.28',
136 silly install resolved     _npmUser: { name: 'laverdet', email: 'marcel.npm@laverdet.com' },
136 silly install resolved     maintainers: [ [Object] ],
136 silly install resolved     dist:
136 silly install resolved      { shasum: '3bea1f697d8540bb3904961ad50939bdee1df678',
136 silly install resolved        tarball: 'http://registry.npmjs.org/fibers/-/fibers-1.0.5.tgz' },
136 silly install resolved     directories: {},
136 silly install resolved     _resolved: 'https://registry.npmjs.org/fibers/-/fibers-1.0.5.tgz',
136 silly install resolved     readme: 'ERROR: No README data found!' } ]
137 info install fibers@1.0.5 into c:\Users\Michael\desktop\apps\alfred\node_modules\sync
138 info installOne fibers@1.0.5
139 verbose installOne of fibers to c:\Users\Michael\desktop\apps\alfred\node_modules\sync not in flight; installing
140 verbose lock using C:\Users\Michael\AppData\Roaming\npm-cache\_locks\fibers-d8ccc80be41ad8c5.lock for c:\Users\Michael\desktop\apps\alfred\node_modules\sync\node_modules\fibers
141 silly install write writing fibers 1.0.5 to c:\Users\Michael\desktop\apps\alfred\node_modules\sync\node_modules\fibers
142 verbose unbuild node_modules\sync\node_modules\fibers
143 silly gentlyRm c:\Users\Michael\desktop\apps\alfred\node_modules\sync\node_modules\fibers is being purged from base c:\Users\Michael\desktop\apps\alfred
144 verbose gentlyRm don't care about contents; nuking c:\Users\Michael\desktop\apps\alfred\node_modules\sync\node_modules\fibers
145 verbose tar unpack C:\Users\Michael\AppData\Roaming\npm-cache\fibers\1.0.5\package.tgz
146 verbose tar unpacking to c:\Users\Michael\desktop\apps\alfred\node_modules\sync\node_modules\fibers
147 silly gentlyRm c:\Users\Michael\desktop\apps\alfred\node_modules\sync\node_modules\fibers is being purged
148 verbose gentlyRm don't care about contents; nuking c:\Users\Michael\desktop\apps\alfred\node_modules\sync\node_modules\fibers
149 silly gunzTarPerm modes [ '777', '666' ]
150 silly gunzTarPerm extractEntry package.json
151 silly gunzTarPerm modified mode [ 'package.json', 420, 438 ]
152 silly gunzTarPerm extractEntry .npmignore
153 silly gunzTarPerm modified mode [ '.npmignore', 420, 438 ]
154 silly gunzTarPerm extractEntry README.md
155 silly gunzTarPerm modified mode [ 'README.md', 420, 438 ]
156 silly gunzTarPerm extractEntry LICENSE
157 silly gunzTarPerm modified mode [ 'LICENSE', 420, 438 ]
158 silly gunzTarPerm extractEntry quick-test.js
159 silly gunzTarPerm modified mode [ 'quick-test.js', 420, 438 ]
160 silly gunzTarPerm extractEntry future.js
161 silly gunzTarPerm modified mode [ 'future.js', 420, 438 ]
162 silly gunzTarPerm extractEntry build.js
163 silly gunzTarPerm modified mode [ 'build.js', 493, 511 ]
164 silly gunzTarPerm extractEntry test.js
165 silly gunzTarPerm modified mode [ 'test.js', 493, 511 ]
166 silly gunzTarPerm extractEntry fibers.js
167 silly gunzTarPerm modified mode [ 'fibers.js', 420, 438 ]
168 silly gunzTarPerm extractEntry binding.gyp
169 silly gunzTarPerm modified mode [ 'binding.gyp', 420, 438 ]
170 silly gunzTarPerm extractEntry bin/.npmignore
171 silly gunzTarPerm modified mode [ 'bin/.npmignore', 420, 438 ]
172 silly gunzTarPerm extractEntry bin/darwin-ia32-v8-3.14/fibers.node
173 silly gunzTarPerm modified mode [ 'bin/darwin-ia32-v8-3.14/fibers.node', 493, 511 ]
174 silly gunzTarPerm extractEntry bin/darwin-x64-v8-3.14/fibers.node
175 silly gunzTarPerm modified mode [ 'bin/darwin-x64-v8-3.14/fibers.node', 493, 511 ]
176 silly gunzTarPerm extractEntry bin/linux-ia32-v8-3.14/fibers.node
177 silly gunzTarPerm modified mode [ 'bin/linux-ia32-v8-3.14/fibers.node', 420, 438 ]
178 silly gunzTarPerm extractEntry bin/linux-x64-v8-3.14/fibers.node
179 silly gunzTarPerm modified mode [ 'bin/linux-x64-v8-3.14/fibers.node', 420, 438 ]
180 silly gunzTarPerm extractEntry bin/win32-ia32-v8-3.14/fibers.node
181 silly gunzTarPerm modified mode [ 'bin/win32-ia32-v8-3.14/fibers.node', 420, 438 ]
182 silly gunzTarPerm extractEntry bin/win32-x64-v8-3.14/fibers.node
183 silly gunzTarPerm modified mode [ 'bin/win32-x64-v8-3.14/fibers.node', 420, 438 ]
184 silly gunzTarPerm extractEntry src/coroutine.cc
185 silly gunzTarPerm modified mode [ 'src/coroutine.cc', 420, 438 ]
186 silly gunzTarPerm extractEntry src/coroutine.h
187 silly gunzTarPerm modified mode [ 'src/coroutine.h', 420, 438 ]
188 silly gunzTarPerm extractEntry src/fibers.cc
189 silly gunzTarPerm modified mode [ 'src/fibers.cc', 420, 438 ]
190 silly gunzTarPerm extractEntry src/libcoro/README
191 silly gunzTarPerm modified mode [ 'src/libcoro/README', 420, 438 ]
192 silly gunzTarPerm extractEntry src/libcoro/LICENSE
193 silly gunzTarPerm modified mode [ 'src/libcoro/LICENSE', 420, 438 ]
194 silly gunzTarPerm extractEntry src/libcoro/conftest.c
195 silly gunzTarPerm modified mode [ 'src/libcoro/conftest.c', 420, 438 ]
196 silly gunzTarPerm extractEntry src/libcoro/coro.c
197 silly gunzTarPerm modified mode [ 'src/libcoro/coro.c', 420, 438 ]
198 silly gunzTarPerm extractEntry src/libcoro/coro.h
199 silly gunzTarPerm modified mode [ 'src/libcoro/coro.h', 420, 438 ]
200 silly gunzTarPerm extractEntry test/already-running.js
201 silly gunzTarPerm modified mode [ 'test/already-running.js', 420, 438 ]
202 silly gunzTarPerm extractEntry test/exit.js
203 silly gunzTarPerm modified mode [ 'test/exit.js', 420, 438 ]
204 silly gunzTarPerm extractEntry test/fibonacci.js
205 silly gunzTarPerm modified mode [ 'test/fibonacci.js', 420, 438 ]
206 silly gunzTarPerm extractEntry test/finish-multiple.js
207 silly gunzTarPerm modified mode [ 'test/finish-multiple.js', 420, 438 ]
208 silly gunzTarPerm extractEntry test/exec.js
209 silly gunzTarPerm modified mode [ 'test/exec.js', 420, 438 ]
210 silly gunzTarPerm extractEntry test/future.js
211 silly gunzTarPerm modified mode [ 'test/future.js', 420, 438 ]
212 silly gunzTarPerm extractEntry test/illegal-yield.js
213 silly gunzTarPerm modified mode [ 'test/illegal-yield.js', 420, 438 ]
214 silly gunzTarPerm extractEntry test/pool.js
215 silly gunzTarPerm modified mode [ 'test/pool.js', 420, 438 ]
216 silly gunzTarPerm extractEntry test/process-title.js
217 silly gunzTarPerm modified mode [ 'test/process-title.js', 420, 438 ]
218 silly gunzTarPerm extractEntry test/stack-overflow.js
219 silly gunzTarPerm modified mode [ 'test/stack-overflow.js', 420, 438 ]
220 silly gunzTarPerm extractEntry test/current.js
221 silly gunzTarPerm modified mode [ 'test/current.js', 420, 438 ]
222 silly gunzTarPerm extractEntry test/stack-overflow2.js
223 silly gunzTarPerm modified mode [ 'test/stack-overflow2.js', 420, 438 ]
224 silly gunzTarPerm extractEntry test/child-process.js
225 silly gunzTarPerm modified mode [ 'test/child-process.js', 420, 438 ]
226 silly gunzTarPerm extractEntry test/started.js
227 silly gunzTarPerm modified mode [ 'test/started.js', 420, 438 ]
228 silly gunzTarPerm extractEntry test/bad-context.js
229 silly gunzTarPerm modified mode [ 'test/bad-context.js', 420, 438 ]
230 silly gunzTarPerm extractEntry test/unwind.js
231 silly gunzTarPerm modified mode [ 'test/unwind.js', 420, 438 ]
232 silly gunzTarPerm extractEntry test/future-exception.js
233 silly gunzTarPerm modified mode [ 'test/future-exception.js', 420, 438 ]
234 verbose write writing to c:\Users\Michael\desktop\apps\alfred\node_modules\sync\node_modules\fibers\package.json
235 info preinstall fibers@1.0.5
236 verbose readDependencies loading dependencies from c:\Users\Michael\desktop\apps\alfred\node_modules\sync\node_modules\fibers\package.json
237 verbose readDependencies loading dependencies from c:\Users\Michael\desktop\apps\alfred\node_modules\sync\node_modules\fibers\package.json
238 silly install resolved []
239 verbose about to build c:\Users\Michael\desktop\apps\alfred\node_modules\sync\node_modules\fibers
240 info build c:\Users\Michael\desktop\apps\alfred\node_modules\sync\node_modules\fibers
241 info linkStuff fibers@1.0.5
242 silly linkStuff fibers@1.0.5 has c:\Users\Michael\desktop\apps\alfred\node_modules\sync\node_modules as its parent node_modules
243 verbose linkBins fibers@1.0.5
244 verbose linkMans fibers@1.0.5
245 verbose rebuildBundles fibers@1.0.5
246 info install fibers@1.0.5
247 verbose unsafe-perm in lifecycle true
248 info fibers@1.0.5 Failed to exec install script
249 verbose unlock done using C:\Users\Michael\AppData\Roaming\npm-cache\_locks\fibers-d8ccc80be41ad8c5.lock for c:\Users\Michael\desktop\apps\alfred\node_modules\sync\node_modules\fibers
250 verbose about to build c:\Users\Michael\desktop\apps\alfred\node_modules\sync
251 verbose unlock done using C:\Users\Michael\AppData\Roaming\npm-cache\_locks\sync-af00d746681460ec.lock for c:\Users\Michael\desktop\apps\alfred\node_modules\sync
252 verbose stack Error: fibers@1.0.5 install: `node ./build.js`
252 verbose stack Exit status 1
252 verbose stack     at EventEmitter.<anonymous> (c:\Program Files\nodejs\node_modules\npm\lib\utils\lifecycle.js:213:16)
252 verbose stack     at EventEmitter.emit (events.js:110:17)
252 verbose stack     at ChildProcess.<anonymous> (c:\Program Files\nodejs\node_modules\npm\lib\utils\spawn.js:24:14)
252 verbose stack     at ChildProcess.emit (events.js:110:17)
252 verbose stack     at maybeClose (child_process.js:1015:16)
252 verbose stack     at Process.ChildProcess._handle.onexit (child_process.js:1087:5)
253 verbose pkgid fibers@1.0.5
254 verbose cwd c:\Users\Michael\desktop\apps\alfred
255 error Windows_NT 6.3.9600
256 error argv "c:\\Program Files\\nodejs\\node.exe" "c:\\Program Files\\nodejs\\node_modules\\npm\\bin\\npm-cli.js" "install" "sync"
257 error node v0.12.3
258 error npm  v2.9.1
259 error code ELIFECYCLE
260 error fibers@1.0.5 install: `node ./build.js`
260 error Exit status 1
261 error Failed at the fibers@1.0.5 install script 'node ./build.js'.
261 error This is most likely a problem with the fibers package,
261 error not with npm itself.
261 error Tell the author that this fails on your system:
261 error     node ./build.js
261 error You can get their info via:
261 error     npm owner ls fibers
261 error There is likely additional logging output above.
262 verbose exit [ 1, true ]
263 verbose unbuild node_modules\sync\node_modules\fibers
264 info preuninstall fibers@1.0.5
265 info uninstall fibers@1.0.5
266 verbose unbuild rmStuff fibers@1.0.5 from c:\Users\Michael\desktop\apps\alfred\node_modules
267 verbose unbuild rmStuff in c:\Users\Michael\desktop\apps\alfred\node_modules\sync\node_modules
268 info postuninstall fibers@1.0.5
269 silly gentlyRm c:\Users\Michael\desktop\apps\alfred\node_modules\sync\node_modules\fibers is being purged from base c:\Users\Michael\desktop\apps\alfred
270 verbose gentlyRm don't care about contents; nuking c:\Users\Michael\desktop\apps\alfred\node_modules\sync\node_modules\fibers
271 silly vacuum-fs purging c:\Users\Michael\desktop\apps\alfred\node_modules\sync\node_modules\fibers
272 silly vacuum-fs removing c:\Users\Michael\desktop\apps\alfred\node_modules\sync\node_modules
273 silly vacuum-fs quitting because other entries in c:\Users\Michael\desktop\apps\alfred\node_modules\sync
274 verbose unbuild node_modules\sync
275 info preuninstall sync@0.2.5
276 info uninstall sync@0.2.5
277 verbose unbuild rmStuff sync@0.2.5 from c:\Users\Michael\desktop\apps\alfred\node_modules
278 info postuninstall sync@0.2.5
279 silly gentlyRm c:\Users\Michael\desktop\apps\alfred\node_modules\sync is being purged from base c:\Users\Michael\desktop\apps\alfred
280 verbose gentlyRm don't care about contents; nuking c:\Users\Michael\desktop\apps\alfred\node_modules\sync
281 silly vacuum-fs purging c:\Users\Michael\desktop\apps\alfred\node_modules\sync
282 silly vacuum-fs quitting because other entries in c:\Users\Michael\desktop\apps\alfred\node_modules
